{"meta": {"format": 3, "version": "7.13.2", "timestamp": "2026-01-27T13:14:28.285856", "branch_coverage": false, "show_contexts": false}, "files": {"src/__init__.py": {"executed_lines": [], "summary": {"covered_lines": 0, "num_statements": 0, "percent_covered": 100.0, "percent_covered_display": "100", "missing_lines": 0, "excluded_lines": 0, "percent_statements_covered": 100.0, "percent_statements_covered_display": "100"}, "missing_lines": [], "excluded_lines": [], "functions": {"": {"executed_lines": [], "summary": {"covered_lines": 0, "num_statements": 0, "percent_covered": 100.0, "percent_covered_display": "100", "missing_lines": 0, "excluded_lines": 0, "percent_statements_covered": 100.0, "percent_statements_covered_display": "100"}, "missing_lines": [], "excluded_lines": [], "start_line": 1}}, "classes": {"": {"executed_lines": [], "summary": {"covered_lines": 0, "num_statements": 0, "percent_covered": 100.0, "percent_covered_display": "100", "missing_lines": 0, "excluded_lines": 0, "percent_statements_covered": 100.0, "percent_statements_covered_display": "100"}, "missing_lines": [], "excluded_lines": [], "start_line": 1}}}, "src/ai/__init__.py": {"executed_lines": [], "summary": {"covered_lines": 0, "num_statements": 0, "percent_covered": 100.0, "percent_covered_display": "100", "missing_lines": 0, "excluded_lines": 0, "percent_statements_covered": 100.0, "percent_statements_covered_display": "100"}, "missing_lines": [], "excluded_lines": [], "functions": {"": {"executed_lines": [], "summary": {"covered_lines": 0, "num_statements": 0, "percent_covered": 100.0, "percent_covered_display": "100", "missing_lines": 0, "excluded_lines": 0, "percent_statements_covered": 100.0, "percent_statements_covered_display": "100"}, "missing_lines": [], "excluded_lines": [], "start_line": 1}}, "classes": {"": {"executed_lines": [], "summary": {"covered_lines": 0, "num_statements": 0, "percent_covered": 100.0, "percent_covered_display": "100", "missing_lines": 0, "excluded_lines": 0, "percent_statements_covered": 100.0, "percent_statements_covered_display": "100"}, "missing_lines": [], "excluded_lines": [], "start_line": 1}}}, "src/analysis/__init__.py": {"executed_lines": [], "summary": {"covered_lines": 0, "num_statements": 0, "percent_covered": 100.0, "percent_covered_display": "100", "missing_lines": 0, "excluded_lines": 0, "percent_statements_covered": 100.0, "percent_statements_covered_display": "100"}, "missing_lines": [], "excluded_lines": [], "functions": {"": {"executed_lines": [], "summary": {"covered_lines": 0, "num_statements": 0, "percent_covered": 100.0, "percent_covered_display": "100", "missing_lines": 0, "excluded_lines": 0, "percent_statements_covered": 100.0, "percent_statements_covered_display": "100"}, "missing_lines": [], "excluded_lines": [], "start_line": 1}}, "classes": {"": {"executed_lines": [], "summary": {"covered_lines": 0, "num_statements": 0, "percent_covered": 100.0, "percent_covered_display": "100", "missing_lines": 0, "excluded_lines": 0, "percent_statements_covered": 100.0, "percent_statements_covered_display": "100"}, "missing_lines": [], "excluded_lines": [], "start_line": 1}}}, "src/analysis/cache.py": {"executed_lines": [2, 3, 4, 5, 7, 10, 13, 22, 23, 30, 31, 32, 38, 39, 40, 42, 52, 55, 56, 57, 59, 60, 61, 62, 64, 65, 66, 72, 83, 86, 87, 88, 89, 90, 95, 116, 118, 121, 122, 124, 125, 126, 140, 142, 145, 146, 147], "summary": {"covered_lines": 47, "num_statements": 75, "percent_covered": 62.666666666666664, "percent_covered_display": "63", "missing_lines": 28, "excluded_lines": 0, "percent_statements_covered": 62.666666666666664, "percent_statements_covered_display": "63"}, "missing_lines": [33, 34, 35, 36, 53, 68, 69, 70, 84, 91, 92, 93, 102, 103, 105, 106, 107, 108, 109, 110, 111, 112, 113, 114, 119, 134, 135, 136], "excluded_lines": [], "functions": {"AnalysisCache.__init__": {"executed_lines": [22, 23, 30, 31, 32, 38, 39, 40], "summary": {"covered_lines": 8, "num_statements": 12, "percent_covered": 66.66666666666667, "percent_covered_display": "67", "missing_lines": 4, "excluded_lines": 0, "percent_statements_covered": 66.66666666666667, "percent_statements_covered_display": "67"}, "missing_lines": [33, 34, 35, 36], "excluded_lines": [], "start_line": 13}, "AnalysisCache.get_evaluation": {"executed_lines": [52, 55, 56, 57, 59, 60, 61, 62, 64, 65, 66], "summary": {"covered_lines": 11, "num_statements": 15, "percent_covered": 73.33333333333333, "percent_covered_display": "73", "missing_lines": 4, "excluded_lines": 0, "percent_statements_covered": 73.33333333333333, "percent_statements_covered_display": "73"}, "missing_lines": [53, 68, 69, 70], "excluded_lines": [], "start_line": 42}, "AnalysisCache.set_evaluation": {"executed_lines": [83, 86, 87, 88, 89, 90], "summary": {"covered_lines": 6, "num_statements": 10, "percent_covered": 60.0, "percent_covered_display": "60", "missing_lines": 4, "excluded_lines": 0, "percent_statements_covered": 60.0, "percent_statements_covered_display": "60"}, "missing_lines": [84, 91, 92, 93], "excluded_lines": [], "start_line": 72}, "AnalysisCache.clear_all": {"executed_lines": [], "summary": {"covered_lines": 0, "num_statements": 12, "percent_covered": 0.0, "percent_covered_display": "0", "missing_lines": 12, "excluded_lines": 0, "percent_statements_covered": 0.0, "percent_statements_covered_display": "0"}, "missing_lines": [102, 103, 105, 106, 107, 108, 109, 110, 111, 112, 113, 114], "excluded_lines": [], "start_line": 95}, "AnalysisCache.get_stats": {"executed_lines": [118, 121, 122, 124, 125, 126], "summary": {"covered_lines": 6, "num_statements": 10, "percent_covered": 60.0, "percent_covered_display": "60", "missing_lines": 4, "excluded_lines": 0, "percent_statements_covered": 60.0, "percent_statements_covered_display": "60"}, "missing_lines": [119, 134, 135, 136], "excluded_lines": [], "start_line": 116}, "get_cache": {"executed_lines": [145, 146, 147], "summary": {"covered_lines": 3, "num_statements": 3, "percent_covered": 100.0, "percent_covered_display": "100", "missing_lines": 0, "excluded_lines": 0, "percent_statements_covered": 100.0, "percent_statements_covered_display": "100"}, "missing_lines": [], "excluded_lines": [], "start_line": 142}, "": {"executed_lines": [2, 3, 4, 5, 7, 10, 13, 42, 72, 95, 116, 140, 142], "summary": {"covered_lines": 13, "num_statements": 13, "percent_covered": 100.0, "percent_covered_display": "100", "missing_lines": 0, "excluded_lines": 0, "percent_statements_covered": 100.0, "percent_statements_covered_display": "100"}, "missing_lines": [], "excluded_lines": [], "start_line": 1}}, "classes": {"AnalysisCache": {"executed_lines": [22, 23, 30, 31, 32, 38, 39, 40, 52, 55, 56, 57, 59, 60, 61, 62, 64, 65, 66, 83, 86, 87, 88, 89, 90, 118, 121, 122, 124, 125, 126], "summary": {"covered_lines": 31, "num_statements": 59, "percent_covered": 52.54237288135593, "percent_covered_display": "53", "missing_lines": 28, "excluded_lines": 0, "percent_statements_covered": 52.54237288135593, "percent_statements_covered_display": "53"}, "missing_lines": [33, 34, 35, 36, 53, 68, 69, 70, 84, 91, 92, 93, 102, 103, 105, 106, 107, 108, 109, 110, 111, 112, 113, 114, 119, 134, 135, 136], "excluded_lines": [], "start_line": 10}, "": {"executed_lines": [2, 3, 4, 5, 7, 10, 13, 42, 72, 95, 116, 140, 142, 145, 146, 147], "summary": {"covered_lines": 16, "num_statements": 16, "percent_covered": 100.0, "percent_covered_display": "100", "missing_lines": 0, "excluded_lines": 0, "percent_statements_covered": 100.0, "percent_statements_covered_display": "100"}, "missing_lines": [], "excluded_lines": [], "start_line": 1}}}, "src/analysis/engine.py": {"executed_lines": [2, 3, 4, 5, 6, 8, 11, 14, 28, 31, 32, 33, 36, 37, 39, 41, 42, 44, 46, 48, 50, 51, 52, 58, 60, 61, 62, 64, 71, 75, 76, 77, 78, 80, 82, 135, 153, 158, 160, 161, 163, 169, 180, 184, 185, 186, 188, 191, 194, 196, 199], "summary": {"covered_lines": 51, "num_statements": 90, "percent_covered": 56.666666666666664, "percent_covered_display": "57", "missing_lines": 39, "excluded_lines": 0, "percent_statements_covered": 56.666666666666664, "percent_statements_covered_display": "57"}, "missing_lines": [53, 54, 55, 56, 72, 90, 91, 96, 99, 100, 102, 103, 105, 106, 108, 110, 118, 124, 126, 127, 128, 154, 155, 181, 201, 203, 204, 206, 207, 209, 210, 211, 212, 213, 215, 216, 217, 218, 219], "excluded_lines": [], "functions": {"StockfishAnalyzer.__init__": {"executed_lines": [28, 31, 32, 33, 36, 37], "summary": {"covered_lines": 6, "num_statements": 6, "percent_covered": 100.0, "percent_covered_display": "100", "missing_lines": 0, "excluded_lines": 0, "percent_statements_covered": 100.0, "percent_statements_covered_display": "100"}, "missing_lines": [], "excluded_lines": [], "start_line": 14}, "StockfishAnalyzer.__enter__": {"executed_lines": [41, 42], "summary": {"covered_lines": 2, "num_statements": 2, "percent_covered": 100.0, "percent_covered_display": "100", "missing_lines": 0, "excluded_lines": 0, "percent_statements_covered": 100.0, "percent_statements_covered_display": "100"}, "missing_lines": [], "excluded_lines": [], "start_line": 39}, "StockfishAnalyzer.__exit__": {"executed_lines": [46], "summary": {"covered_lines": 1, "num_statements": 1, "percent_covered": 100.0, "percent_covered_display": "100", "missing_lines": 0, "excluded_lines": 0, "percent_statements_covered": 100.0, "percent_statements_covered_display": "100"}, "missing_lines": [], "excluded_lines": [], "start_line": 44}, "StockfishAnalyzer.connect": {"executed_lines": [50, 51, 52], "summary": {"covered_lines": 3, "num_statements": 7, "percent_covered": 42.857142857142854, "percent_covered_display": "43", "missing_lines": 4, "excluded_lines": 0, "percent_statements_covered": 42.857142857142854, "percent_statements_covered_display": "43"}, "missing_lines": [53, 54, 55, 56], "excluded_lines": [], "start_line": 48}, "StockfishAnalyzer.disconnect": {"executed_lines": [60, 61, 62], "summary": {"covered_lines": 3, "num_statements": 3, "percent_covered": 100.0, "percent_covered_display": "100", "missing_lines": 0, "excluded_lines": 0, "percent_statements_covered": 100.0, "percent_statements_covered_display": "100"}, "missing_lines": [], "excluded_lines": [], "start_line": 58}, "StockfishAnalyzer.analyze_position": {"executed_lines": [71, 75, 76, 77, 78, 80, 82], "summary": {"covered_lines": 7, "num_statements": 24, "percent_covered": 29.166666666666668, "percent_covered_display": "29", "missing_lines": 17, "excluded_lines": 0, "percent_statements_covered": 29.166666666666668, "percent_statements_covered_display": "29"}, "missing_lines": [72, 90, 91, 96, 99, 100, 102, 103, 105, 106, 108, 110, 118, 124, 126, 127, 128], "excluded_lines": [], "start_line": 64}, "StockfishAnalyzer.classify_move": {"executed_lines": [153, 158, 160, 161, 163], "summary": {"covered_lines": 5, "num_statements": 7, "percent_covered": 71.42857142857143, "percent_covered_display": "71", "missing_lines": 2, "excluded_lines": 0, "percent_statements_covered": 71.42857142857143, "percent_statements_covered_display": "71"}, "missing_lines": [154, 155], "excluded_lines": [], "start_line": 135}, "StockfishAnalyzer.calculate_accuracy": {"executed_lines": [180, 184, 185, 186, 188, 191, 194, 196], "summary": {"covered_lines": 8, "num_statements": 9, "percent_covered": 88.88888888888889, "percent_covered_display": "89", "missing_lines": 1, "excluded_lines": 0, "percent_statements_covered": 88.88888888888889, "percent_statements_covered_display": "89"}, "missing_lines": [181], "excluded_lines": [], "start_line": 169}, "": {"executed_lines": [2, 3, 4, 5, 6, 8, 11, 14, 39, 44, 48, 58, 64, 135, 169, 199], "summary": {"covered_lines": 16, "num_statements": 31, "percent_covered": 51.61290322580645, "percent_covered_display": "52", "missing_lines": 15, "excluded_lines": 0, "percent_statements_covered": 51.61290322580645, "percent_statements_covered_display": "52"}, "missing_lines": [201, 203, 204, 206, 207, 209, 210, 211, 212, 213, 215, 216, 217, 218, 219], "excluded_lines": [], "start_line": 1}}, "classes": {"StockfishAnalyzer": {"executed_lines": [28, 31, 32, 33, 36, 37, 41, 42, 46, 50, 51, 52, 60, 61, 62, 71, 75, 76, 77, 78, 80, 82, 153, 158, 160, 161, 163, 180, 184, 185, 186, 188, 191, 194, 196], "summary": {"covered_lines": 35, "num_statements": 59, "percent_covered": 59.32203389830509, "percent_covered_display": "59", "missing_lines": 24, "excluded_lines": 0, "percent_statements_covered": 59.32203389830509, "percent_statements_covered_display": "59"}, "missing_lines": [53, 54, 55, 56, 72, 90, 91, 96, 99, 100, 102, 103, 105, 106, 108, 110, 118, 124, 126, 127, 128, 154, 155, 181], "excluded_lines": [], "start_line": 11}, "": {"executed_lines": [2, 3, 4, 5, 6, 8, 11, 14, 39, 44, 48, 58, 64, 135, 169, 199], "summary": {"covered_lines": 16, "num_statements": 31, "percent_covered": 51.61290322580645, "percent_covered_display": "52", "missing_lines": 15, "excluded_lines": 0, "percent_statements_covered": 51.61290322580645, "percent_statements_covered_display": "52"}, "missing_lines": [201, 203, 204, 206, 207, 209, 210, 211, 212, 213, 215, 216, 217, 218, 219], "excluded_lines": [], "start_line": 1}}}, "src/analysis/game_analyzer.py": {"executed_lines": [3, 4, 5, 7, 8, 10, 11, 14, 17, 18, 19, 21, 22, 23, 25, 26, 27, 29, 40, 43, 45, 47, 49, 50, 52, 57, 58, 71, 72, 73, 74, 76, 77, 78, 80, 81, 84, 85, 88, 89, 90, 93, 94, 95, 96, 97, 103, 104, 109, 110, 112, 115, 120, 121, 122, 125, 126, 127, 128, 130, 132, 135, 148, 151, 153, 156, 157, 158, 161, 164, 176, 177, 179, 183, 192, 194, 196, 199, 200, 201, 204, 205, 206, 207, 208, 209, 210, 213, 214, 215, 216, 217, 218, 219, 220, 221, 222, 225, 226, 227, 236, 255], "summary": {"covered_lines": 102, "num_statements": 128, "percent_covered": 79.6875, "percent_covered_display": "80", "missing_lines": 26, "excluded_lines": 0, "percent_statements_covered": 79.6875, "percent_statements_covered_display": "80"}, "missing_lines": [53, 54, 98, 100, 185, 186, 187, 189, 190, 229, 230, 231, 232, 234, 238, 240, 241, 243, 245, 246, 248, 249, 250, 252, 257, 258], "excluded_lines": [], "functions": {"GameAnalyzer.__init__": {"executed_lines": [18, 19], "summary": {"covered_lines": 2, "num_statements": 2, "percent_covered": 100.0, "percent_covered_display": "100", "missing_lines": 0, "excluded_lines": 0, "percent_statements_covered": 100.0, "percent_statements_covered_display": "100"}, "missing_lines": [], "excluded_lines": [], "start_line": 17}, "GameAnalyzer.__enter__": {"executed_lines": [22, 23], "summary": {"covered_lines": 2, "num_statements": 2, "percent_covered": 100.0, "percent_covered_display": "100", "missing_lines": 0, "excluded_lines": 0, "percent_statements_covered": 100.0, "percent_statements_covered_display": "100"}, "missing_lines": [], "excluded_lines": [], "start_line": 21}, "GameAnalyzer.__exit__": {"executed_lines": [26, 27], "summary": {"covered_lines": 2, "num_statements": 2, "percent_covered": 100.0, "percent_covered_display": "100", "missing_lines": 0, "excluded_lines": 0, "percent_statements_covered": 100.0, "percent_statements_covered_display": "100"}, "missing_lines": [], "excluded_lines": [], "start_line": 25}, "GameAnalyzer.analyze_game": {"executed_lines": [40, 43, 45, 47, 49, 50, 52, 57, 58, 71, 72, 73, 74, 76, 77, 78, 80, 81, 84, 85, 88, 89, 90, 93, 94, 95, 96, 97, 103, 104, 109, 110, 112, 115, 120, 121, 122, 125, 126, 127, 128, 130, 132, 135, 148, 151, 153, 156, 157, 158, 161, 164, 176, 177, 179, 183], "summary": {"covered_lines": 56, "num_statements": 65, "percent_covered": 86.15384615384616, "percent_covered_display": "86", "missing_lines": 9, "excluded_lines": 0, "percent_statements_covered": 86.15384615384616, "percent_statements_covered_display": "86"}, "missing_lines": [53, 54, 98, 100, 185, 186, 187, 189, 190], "excluded_lines": [], "start_line": 29}, "GameAnalyzer._save_analysis": {"executed_lines": [194, 196, 199, 200, 201, 204, 205, 206, 207, 208, 209, 210, 213, 214, 215, 216, 217, 218, 219, 220, 221, 222, 225, 226, 227], "summary": {"covered_lines": 25, "num_statements": 30, "percent_covered": 83.33333333333333, "percent_covered_display": "83", "missing_lines": 5, "excluded_lines": 0, "percent_statements_covered": 83.33333333333333, "percent_statements_covered_display": "83"}, "missing_lines": [229, 230, 231, 232, 234], "excluded_lines": [], "start_line": 192}, "GameAnalyzer.analyze_unanalyzed_games": {"executed_lines": [], "summary": {"covered_lines": 0, "num_statements": 10, "percent_covered": 0.0, "percent_covered_display": "0", "missing_lines": 10, "excluded_lines": 0, "percent_statements_covered": 0.0, "percent_statements_covered_display": "0"}, "missing_lines": [238, 240, 241, 243, 245, 246, 248, 249, 250, 252], "excluded_lines": [], "start_line": 236}, "": {"executed_lines": [3, 4, 5, 7, 8, 10, 11, 14, 17, 21, 25, 29, 192, 236, 255], "summary": {"covered_lines": 15, "num_statements": 17, "percent_covered": 88.23529411764706, "percent_covered_display": "88", "missing_lines": 2, "excluded_lines": 0, "percent_statements_covered": 88.23529411764706, "percent_statements_covered_display": "88"}, "missing_lines": [257, 258], "excluded_lines": [], "start_line": 1}}, "classes": {"GameAnalyzer": {"executed_lines": [18, 19, 22, 23, 26, 27, 40, 43, 45, 47, 49, 50, 52, 57, 58, 71, 72, 73, 74, 76, 77, 78, 80, 81, 84, 85, 88, 89, 90, 93, 94, 95, 96, 97, 103, 104, 109, 110, 112, 115, 120, 121, 122, 125, 126, 127, 128, 130, 132, 135, 148, 151, 153, 156, 157, 158, 161, 164, 176, 177, 179, 183, 194, 196, 199, 200, 201, 204, 205, 206, 207, 208, 209, 210, 213, 214, 215, 216, 217, 218, 219, 220, 221, 222, 225, 226, 227], "summary": {"covered_lines": 87, "num_statements": 111, "percent_covered": 78.37837837837837, "percent_covered_display": "78", "missing_lines": 24, "excluded_lines": 0, "percent_statements_covered": 78.37837837837837, "percent_statements_covered_display": "78"}, "missing_lines": [53, 54, 98, 100, 185, 186, 187, 189, 190, 229, 230, 231, 232, 234, 238, 240, 241, 243, 245, 246, 248, 249, 250, 252], "excluded_lines": [], "start_line": 14}, "": {"executed_lines": [3, 4, 5, 7, 8, 10, 11, 14, 17, 21, 25, 29, 192, 236, 255], "summary": {"covered_lines": 15, "num_statements": 17, "percent_covered": 88.23529411764706, "percent_covered_display": "88", "missing_lines": 2, "excluded_lines": 0, "percent_statements_covered": 88.23529411764706, "percent_statements_covered_display": "88"}, "missing_lines": [257, 258], "excluded_lines": [], "start_line": 1}}}, "src/analysis/insights_generator.py": {"executed_lines": [], "summary": {"covered_lines": 0, "num_statements": 107, "percent_covered": 0.0, "percent_covered_display": "0", "missing_lines": 107, "excluded_lines": 0, "percent_statements_covered": 0.0, "percent_statements_covered_display": "0"}, "missing_lines": [2, 3, 4, 5, 8, 11, 12, 14, 16, 18, 19, 20, 21, 23, 25, 28, 35, 36, 37, 40, 41, 42, 43, 45, 46, 47, 52, 53, 56, 59, 60, 61, 64, 65, 67, 69, 71, 73, 74, 75, 76, 77, 80, 81, 82, 83, 85, 87, 88, 90, 91, 92, 93, 95, 97, 99, 105, 106, 107, 109, 112, 113, 114, 115, 116, 118, 119, 122, 123, 124, 125, 127, 129, 131, 132, 133, 134, 135, 136, 137, 139, 142, 148, 149, 150, 152, 158, 159, 160, 161, 162, 164, 165, 166, 167, 168, 169, 171, 173, 179, 180, 182, 183, 186, 187, 188, 189], "excluded_lines": [], "functions": {"InsightsGenerator.__init__": {"executed_lines": [], "summary": {"covered_lines": 0, "num_statements": 1, "percent_covered": 0.0, "percent_covered_display": "0", "missing_lines": 1, "excluded_lines": 0, "percent_statements_covered": 0.0, "percent_statements_covered_display": "0"}, "missing_lines": [12], "excluded_lines": [], "start_line": 11}, "InsightsGenerator.generate_all_insights": {"executed_lines": [], "summary": {"covered_lines": 0, "num_statements": 6, "percent_covered": 0.0, "percent_covered_display": "0", "missing_lines": 6, "excluded_lines": 0, "percent_statements_covered": 0.0, "percent_statements_covered_display": "0"}, "missing_lines": [16, 18, 19, 20, 21, 23], "excluded_lines": [], "start_line": 14}, "InsightsGenerator.accuracy_trends": {"executed_lines": [], "summary": {"covered_lines": 0, "num_statements": 20, "percent_covered": 0.0, "percent_covered_display": "0", "missing_lines": 20, "excluded_lines": 0, "percent_statements_covered": 0.0, "percent_statements_covered_display": "0"}, "missing_lines": [28, 35, 36, 37, 40, 41, 42, 43, 45, 46, 47, 52, 53, 56, 59, 60, 61, 64, 65, 67], "excluded_lines": [], "start_line": 25}, "InsightsGenerator.performance_by_time_control": {"executed_lines": [], "summary": {"covered_lines": 0, "num_statements": 17, "percent_covered": 0.0, "percent_covered_display": "0", "missing_lines": 17, "excluded_lines": 0, "percent_statements_covered": 0.0, "percent_statements_covered_display": "0"}, "missing_lines": [71, 73, 74, 75, 76, 77, 80, 81, 82, 83, 85, 87, 88, 90, 91, 92, 93], "excluded_lines": [], "start_line": 69}, "InsightsGenerator.performance_by_opponent_rating": {"executed_lines": [], "summary": {"covered_lines": 0, "num_statements": 26, "percent_covered": 0.0, "percent_covered_display": "0", "missing_lines": 26, "excluded_lines": 0, "percent_statements_covered": 0.0, "percent_statements_covered_display": "0"}, "missing_lines": [97, 99, 105, 106, 107, 109, 112, 113, 114, 115, 116, 118, 119, 122, 123, 124, 125, 127, 129, 131, 132, 133, 134, 135, 136, 137], "excluded_lines": [], "start_line": 95}, "InsightsGenerator.common_mistakes": {"executed_lines": [], "summary": {"covered_lines": 0, "num_statements": 16, "percent_covered": 0.0, "percent_covered_display": "0", "missing_lines": 16, "excluded_lines": 0, "percent_statements_covered": 0.0, "percent_statements_covered_display": "0"}, "missing_lines": [142, 148, 149, 150, 152, 158, 159, 160, 161, 162, 164, 165, 166, 167, 168, 169], "excluded_lines": [], "start_line": 139}, "InsightsGenerator._save_insight": {"executed_lines": [], "summary": {"covered_lines": 0, "num_statements": 3, "percent_covered": 0.0, "percent_covered_display": "0", "missing_lines": 3, "excluded_lines": 0, "percent_statements_covered": 0.0, "percent_statements_covered_display": "0"}, "missing_lines": [173, 179, 180], "excluded_lines": [], "start_line": 171}, "InsightsGenerator.close": {"executed_lines": [], "summary": {"covered_lines": 0, "num_statements": 1, "percent_covered": 0.0, "percent_covered_display": "0", "missing_lines": 1, "excluded_lines": 0, "percent_statements_covered": 0.0, "percent_statements_covered_display": "0"}, "missing_lines": [183], "excluded_lines": [], "start_line": 182}, "": {"executed_lines": [], "summary": {"covered_lines": 0, "num_statements": 17, "percent_covered": 0.0, "percent_covered_display": "0", "missing_lines": 17, "excluded_lines": 0, "percent_statements_covered": 0.0, "percent_statements_covered_display": "0"}, "missing_lines": [2, 3, 4, 5, 8, 11, 14, 25, 69, 95, 139, 171, 182, 186, 187, 188, 189], "excluded_lines": [], "start_line": 1}}, "classes": {"InsightsGenerator": {"executed_lines": [], "summary": {"covered_lines": 0, "num_statements": 90, "percent_covered": 0.0, "percent_covered_display": "0", "missing_lines": 90, "excluded_lines": 0, "percent_statements_covered": 0.0, "percent_statements_covered_display": "0"}, "missing_lines": [12, 16, 18, 19, 20, 21, 23, 28, 35, 36, 37, 40, 41, 42, 43, 45, 46, 47, 52, 53, 56, 59, 60, 61, 64, 65, 67, 71, 73, 74, 75, 76, 77, 80, 81, 82, 83, 85, 87, 88, 90, 91, 92, 93, 97, 99, 105, 106, 107, 109, 112, 113, 114, 115, 116, 118, 119, 122, 123, 124, 125, 127, 129, 131, 132, 133, 134, 135, 136, 137, 142, 148, 149, 150, 152, 158, 159, 160, 161, 162, 164, 165, 166, 167, 168, 169, 173, 179, 180, 183], "excluded_lines": [], "start_line": 8}, "": {"executed_lines": [], "summary": {"covered_lines": 0, "num_statements": 17, "percent_covered": 0.0, "percent_covered_display": "0", "missing_lines": 17, "excluded_lines": 0, "percent_statements_covered": 0.0, "percent_statements_covered_display": "0"}, "missing_lines": [2, 3, 4, 5, 8, 11, 14, 25, 69, 95, 139, 171, 182, 186, 187, 188, 189], "excluded_lines": [], "start_line": 1}}}, "src/analysis/move_classifier.py": {"executed_lines": [4, 9, 10, 11, 12, 13, 14, 17, 18, 41, 43, 54, 55, 57, 59, 62, 65, 68, 83, 85, 86, 92, 96, 97, 99, 100, 103, 104, 107, 111, 113, 115, 116, 133, 136, 139, 140, 141, 142, 143, 144, 145, 146, 149, 152, 155, 159, 160, 164, 165, 168], "summary": {"covered_lines": 51, "num_statements": 53, "percent_covered": 96.22641509433963, "percent_covered_display": "96", "missing_lines": 2, "excluded_lines": 0, "percent_statements_covered": 96.22641509433963, "percent_statements_covered_display": "96"}, "missing_lines": [44, 93], "excluded_lines": [], "functions": {"MoveClassifier.classify_move": {"executed_lines": [41, 43, 54, 55, 57, 59, 62, 65, 68, 83], "summary": {"covered_lines": 10, "num_statements": 11, "percent_covered": 90.9090909090909, "percent_covered_display": "91", "missing_lines": 1, "excluded_lines": 0, "percent_statements_covered": 90.9090909090909, "percent_statements_covered_display": "91"}, "missing_lines": [44], "excluded_lines": [], "start_line": 18}, "MoveClassifier.calculate_accuracy_from_moves": {"executed_lines": [92, 96, 97, 99, 100, 103, 104, 107, 111, 113], "summary": {"covered_lines": 10, "num_statements": 11, "percent_covered": 90.9090909090909, "percent_covered_display": "91", "missing_lines": 1, "excluded_lines": 0, "percent_statements_covered": 90.9090909090909, "percent_statements_covered_display": "91"}, "missing_lines": [93], "excluded_lines": [], "start_line": 86}, "MoveClassifier.classify_game_phase": {"executed_lines": [133, 136, 139, 140, 141, 142, 143, 144, 145, 146, 149, 152, 155, 159, 160, 164, 165, 168], "summary": {"covered_lines": 18, "num_statements": 18, "percent_covered": 100.0, "percent_covered_display": "100", "missing_lines": 0, "excluded_lines": 0, "percent_statements_covered": 100.0, "percent_statements_covered_display": "100"}, "missing_lines": [], "excluded_lines": [], "start_line": 116}, "": {"executed_lines": [4, 9, 10, 11, 12, 13, 14, 17, 18, 85, 86, 115, 116], "summary": {"covered_lines": 13, "num_statements": 13, "percent_covered": 100.0, "percent_covered_display": "100", "missing_lines": 0, "excluded_lines": 0, "percent_statements_covered": 100.0, "percent_statements_covered_display": "100"}, "missing_lines": [], "excluded_lines": [], "start_line": 1}}, "classes": {"MoveClassifier": {"executed_lines": [41, 43, 54, 55, 57, 59, 62, 65, 68, 83, 92, 96, 97, 99, 100, 103, 104, 107, 111, 113, 133, 136, 139, 140, 141, 142, 143, 144, 145, 146, 149, 152, 155, 159, 160, 164, 165, 168], "summary": {"covered_lines": 38, "num_statements": 40, "percent_covered": 95.0, "percent_covered_display": "95", "missing_lines": 2, "excluded_lines": 0, "percent_statements_covered": 95.0, "percent_statements_covered_display": "95"}, "missing_lines": [44, 93], "excluded_lines": [], "start_line": 4}, "": {"executed_lines": [4, 9, 10, 11, 12, 13, 14, 17, 18, 85, 86, 115, 116], "summary": {"covered_lines": 13, "num_statements": 13, "percent_covered": 100.0, "percent_covered_display": "100", "missing_lines": 0, "excluded_lines": 0, "percent_statements_covered": 100.0, "percent_statements_covered_display": "100"}, "missing_lines": [], "excluded_lines": [], "start_line": 1}}}, "src/analysis/opening_analyzer.py": {"executed_lines": [2, 3, 4, 5, 8, 11, 14, 87, 114, 127, 131], "summary": {"covered_lines": 11, "num_statements": 67, "percent_covered": 16.417910447761194, "percent_covered_display": "16", "missing_lines": 56, "excluded_lines": 0, "percent_statements_covered": 16.417910447761194, "percent_statements_covered_display": "16"}, "missing_lines": [12, 16, 19, 21, 30, 31, 34, 35, 36, 37, 39, 42, 43, 44, 45, 46, 47, 50, 51, 52, 53, 54, 55, 56, 57, 60, 61, 67, 68, 69, 70, 73, 74, 75, 76, 77, 78, 80, 82, 85, 89, 97, 98, 99, 100, 102, 103, 104, 106, 116, 123, 125, 128, 132, 133, 134], "excluded_lines": [], "functions": {"OpeningAnalyzer.__init__": {"executed_lines": [], "summary": {"covered_lines": 0, "num_statements": 1, "percent_covered": 0.0, "percent_covered_display": "0", "missing_lines": 1, "excluded_lines": 0, "percent_statements_covered": 0.0, "percent_statements_covered_display": "0"}, "missing_lines": [12], "excluded_lines": [], "start_line": 11}, "OpeningAnalyzer.analyze_openings": {"executed_lines": [], "summary": {"covered_lines": 0, "num_statements": 39, "percent_covered": 0.0, "percent_covered_display": "0", "missing_lines": 39, "excluded_lines": 0, "percent_statements_covered": 0.0, "percent_statements_covered_display": "0"}, "missing_lines": [16, 19, 21, 30, 31, 34, 35, 36, 37, 39, 42, 43, 44, 45, 46, 47, 50, 51, 52, 53, 54, 55, 56, 57, 60, 61, 67, 68, 69, 70, 73, 74, 75, 76, 77, 78, 80, 82, 85], "excluded_lines": [], "start_line": 14}, "OpeningAnalyzer._print_summary": {"executed_lines": [], "summary": {"covered_lines": 0, "num_statements": 9, "percent_covered": 0.0, "percent_covered_display": "0", "missing_lines": 9, "excluded_lines": 0, "percent_statements_covered": 0.0, "percent_statements_covered_display": "0"}, "missing_lines": [89, 97, 98, 99, 100, 102, 103, 104, 106], "excluded_lines": [], "start_line": 87}, "OpeningAnalyzer.get_weak_openings": {"executed_lines": [], "summary": {"covered_lines": 0, "num_statements": 3, "percent_covered": 0.0, "percent_covered_display": "0", "missing_lines": 3, "excluded_lines": 0, "percent_statements_covered": 0.0, "percent_statements_covered_display": "0"}, "missing_lines": [116, 123, 125], "excluded_lines": [], "start_line": 114}, "OpeningAnalyzer.close": {"executed_lines": [], "summary": {"covered_lines": 0, "num_statements": 1, "percent_covered": 0.0, "percent_covered_display": "0", "missing_lines": 1, "excluded_lines": 0, "percent_statements_covered": 0.0, "percent_statements_covered_display": "0"}, "missing_lines": [128], "excluded_lines": [], "start_line": 127}, "": {"executed_lines": [2, 3, 4, 5, 8, 11, 14, 87, 114, 127, 131], "summary": {"covered_lines": 11, "num_statements": 14, "percent_covered": 78.57142857142857, "percent_covered_display": "79", "missing_lines": 3, "excluded_lines": 0, "percent_statements_covered": 78.57142857142857, "percent_statements_covered_display": "79"}, "missing_lines": [132, 133, 134], "excluded_lines": [], "start_line": 1}}, "classes": {"OpeningAnalyzer": {"executed_lines": [], "summary": {"covered_lines": 0, "num_statements": 53, "percent_covered": 0.0, "percent_covered_display": "0", "missing_lines": 53, "excluded_lines": 0, "percent_statements_covered": 0.0, "percent_statements_covered_display": "0"}, "missing_lines": [12, 16, 19, 21, 30, 31, 34, 35, 36, 37, 39, 42, 43, 44, 45, 46, 47, 50, 51, 52, 53, 54, 55, 56, 57, 60, 61, 67, 68, 69, 70, 73, 74, 75, 76, 77, 78, 80, 82, 85, 89, 97, 98, 99, 100, 102, 103, 104, 106, 116, 123, 125, 128], "excluded_lines": [], "start_line": 8}, "": {"executed_lines": [2, 3, 4, 5, 8, 11, 14, 87, 114, 127, 131], "summary": {"covered_lines": 11, "num_statements": 14, "percent_covered": 78.57142857142857, "percent_covered_display": "79", "missing_lines": 3, "excluded_lines": 0, "percent_statements_covered": 78.57142857142857, "percent_statements_covered_display": "79"}, "missing_lines": [132, 133, 134], "excluded_lines": [], "start_line": 1}}}, "src/analysis/opening_mistakes.py": {"executed_lines": [], "summary": {"covered_lines": 0, "num_statements": 66, "percent_covered": 0.0, "percent_covered_display": "0", "missing_lines": 66, "excluded_lines": 0, "percent_statements_covered": 0.0, "percent_statements_covered_display": "0"}, "missing_lines": [2, 3, 4, 7, 10, 11, 13, 19, 22, 30, 41, 42, 43, 44, 45, 46, 47, 48, 51, 52, 53, 61, 62, 63, 64, 66, 67, 68, 69, 70, 72, 75, 77, 78, 80, 82, 84, 85, 86, 88, 89, 90, 91, 93, 94, 95, 97, 104, 106, 108, 109, 110, 119, 121, 122, 125, 126, 127, 129, 130, 131, 132, 133, 134, 135, 137], "excluded_lines": [], "functions": {"OpeningMistakeAnalyzer.__init__": {"executed_lines": [], "summary": {"covered_lines": 0, "num_statements": 1, "percent_covered": 0.0, "percent_covered_display": "0", "missing_lines": 1, "excluded_lines": 0, "percent_statements_covered": 0.0, "percent_statements_covered_display": "0"}, "missing_lines": [11], "excluded_lines": [], "start_line": 10}, "OpeningMistakeAnalyzer.find_critical_positions": {"executed_lines": [], "summary": {"covered_lines": 0, "num_statements": 28, "percent_covered": 0.0, "percent_covered_display": "0", "missing_lines": 28, "excluded_lines": 0, "percent_statements_covered": 0.0, "percent_statements_covered_display": "0"}, "missing_lines": [19, 22, 30, 41, 42, 43, 44, 45, 46, 47, 48, 51, 52, 53, 61, 62, 63, 64, 66, 67, 68, 69, 70, 72, 75, 77, 78, 80], "excluded_lines": [], "start_line": 13}, "OpeningMistakeAnalyzer._print_summary": {"executed_lines": [], "summary": {"covered_lines": 0, "num_statements": 11, "percent_covered": 0.0, "percent_covered_display": "0", "missing_lines": 11, "excluded_lines": 0, "percent_statements_covered": 0.0, "percent_statements_covered_display": "0"}, "missing_lines": [84, 85, 86, 88, 89, 90, 91, 93, 94, 95, 97], "excluded_lines": [], "start_line": 82}, "OpeningMistakeAnalyzer.get_practice_positions": {"executed_lines": [], "summary": {"covered_lines": 0, "num_statements": 5, "percent_covered": 0.0, "percent_covered_display": "0", "missing_lines": 5, "excluded_lines": 0, "percent_statements_covered": 0.0, "percent_statements_covered_display": "0"}, "missing_lines": [106, 108, 109, 110, 119], "excluded_lines": [], "start_line": 104}, "OpeningMistakeAnalyzer.close": {"executed_lines": [], "summary": {"covered_lines": 0, "num_statements": 1, "percent_covered": 0.0, "percent_covered_display": "0", "missing_lines": 1, "excluded_lines": 0, "percent_statements_covered": 0.0, "percent_statements_covered_display": "0"}, "missing_lines": [122], "excluded_lines": [], "start_line": 121}, "": {"executed_lines": [], "summary": {"covered_lines": 0, "num_statements": 20, "percent_covered": 0.0, "percent_covered_display": "0", "missing_lines": 20, "excluded_lines": 0, "percent_statements_covered": 0.0, "percent_statements_covered_display": "0"}, "missing_lines": [2, 3, 4, 7, 10, 13, 82, 104, 121, 125, 126, 127, 129, 130, 131, 132, 133, 134, 135, 137], "excluded_lines": [], "start_line": 1}}, "classes": {"OpeningMistakeAnalyzer": {"executed_lines": [], "summary": {"covered_lines": 0, "num_statements": 46, "percent_covered": 0.0, "percent_covered_display": "0", "missing_lines": 46, "excluded_lines": 0, "percent_statements_covered": 0.0, "percent_statements_covered_display": "0"}, "missing_lines": [11, 19, 22, 30, 41, 42, 43, 44, 45, 46, 47, 48, 51, 52, 53, 61, 62, 63, 64, 66, 67, 68, 69, 70, 72, 75, 77, 78, 80, 84, 85, 86, 88, 89, 90, 91, 93, 94, 95, 97, 106, 108, 109, 110, 119, 122], "excluded_lines": [], "start_line": 7}, "": {"executed_lines": [], "summary": {"covered_lines": 0, "num_statements": 20, "percent_covered": 0.0, "percent_covered_display": "0", "missing_lines": 20, "excluded_lines": 0, "percent_statements_covered": 0.0, "percent_statements_covered_display": "0"}, "missing_lines": [2, 3, 4, 7, 10, 13, 82, 104, 121, 125, 126, 127, 129, 130, 131, 132, 133, 134, 135, 137], "excluded_lines": [], "start_line": 1}}}, "src/analysis/win_chance.py": {"executed_lines": [6, 9, 33, 36, 38, 41, 67, 68, 69, 72, 73, 76, 78, 81, 98, 102, 103, 104, 105, 106, 109, 110, 111, 112, 114, 115, 116, 117, 118, 119, 120, 121, 122, 123, 124, 125, 126, 128, 129, 130, 132, 141, 157, 160, 164, 166], "summary": {"covered_lines": 46, "num_statements": 47, "percent_covered": 97.87234042553192, "percent_covered_display": "98", "missing_lines": 1, "excluded_lines": 0, "percent_statements_covered": 97.87234042553192, "percent_statements_covered_display": "98"}, "missing_lines": [158], "excluded_lines": [], "functions": {"centipawns_to_win_chance": {"executed_lines": [33, 36, 38], "summary": {"covered_lines": 3, "num_statements": 3, "percent_covered": 100.0, "percent_covered_display": "100", "missing_lines": 0, "excluded_lines": 0, "percent_statements_covered": 100.0, "percent_statements_covered_display": "100"}, "missing_lines": [], "excluded_lines": [], "start_line": 9}, "win_chance_loss": {"executed_lines": [67, 68, 69, 72, 73, 76, 78], "summary": {"covered_lines": 7, "num_statements": 7, "percent_covered": 100.0, "percent_covered_display": "100", "missing_lines": 0, "excluded_lines": 0, "percent_statements_covered": 100.0, "percent_statements_covered_display": "100"}, "missing_lines": [], "excluded_lines": [], "start_line": 41}, "classify_by_win_loss": {"executed_lines": [98, 102, 103, 104, 105, 106, 109, 110, 111, 112, 114, 115, 116, 117, 118, 119, 120, 121, 122, 123, 124, 125, 126, 128, 129, 130, 132], "summary": {"covered_lines": 27, "num_statements": 27, "percent_covered": 100.0, "percent_covered_display": "100", "missing_lines": 0, "excluded_lines": 0, "percent_statements_covered": 100.0, "percent_statements_covered_display": "100"}, "missing_lines": [], "excluded_lines": [], "start_line": 81}, "calculate_accuracy_from_win_losses": {"executed_lines": [157, 160, 164, 166], "summary": {"covered_lines": 4, "num_statements": 5, "percent_covered": 80.0, "percent_covered_display": "80", "missing_lines": 1, "excluded_lines": 0, "percent_statements_covered": 80.0, "percent_statements_covered_display": "80"}, "missing_lines": [158], "excluded_lines": [], "start_line": 141}, "": {"executed_lines": [6, 9, 41, 81, 141], "summary": {"covered_lines": 5, "num_statements": 5, "percent_covered": 100.0, "percent_covered_display": "100", "missing_lines": 0, "excluded_lines": 0, "percent_statements_covered": 100.0, "percent_statements_covered_display": "100"}, "missing_lines": [], "excluded_lines": [], "start_line": 1}}, "classes": {"": {"executed_lines": [6, 9, 33, 36, 38, 41, 67, 68, 69, 72, 73, 76, 78, 81, 98, 102, 103, 104, 105, 106, 109, 110, 111, 112, 114, 115, 116, 117, 118, 119, 120, 121, 122, 123, 124, 125, 126, 128, 129, 130, 132, 141, 157, 160, 164, 166], "summary": {"covered_lines": 46, "num_statements": 47, "percent_covered": 97.87234042553192, "percent_covered_display": "98", "missing_lines": 1, "excluded_lines": 0, "percent_statements_covered": 97.87234042553192, "percent_statements_covered_display": "98"}, "missing_lines": [158], "excluded_lines": [], "start_line": 1}}}, "src/collectors/__init__.py": {"executed_lines": [], "summary": {"covered_lines": 0, "num_statements": 0, "percent_covered": 100.0, "percent_covered_display": "100", "missing_lines": 0, "excluded_lines": 0, "percent_statements_covered": 100.0, "percent_statements_covered_display": "100"}, "missing_lines": [], "excluded_lines": [], "functions": {"": {"executed_lines": [], "summary": {"covered_lines": 0, "num_statements": 0, "percent_covered": 100.0, "percent_covered_display": "100", "missing_lines": 0, "excluded_lines": 0, "percent_statements_covered": 100.0, "percent_statements_covered_display": "100"}, "missing_lines": [], "excluded_lines": [], "start_line": 1}}, "classes": {"": {"executed_lines": [], "summary": {"covered_lines": 0, "num_statements": 0, "percent_covered": 100.0, "percent_covered_display": "100", "missing_lines": 0, "excluded_lines": 0, "percent_statements_covered": 100.0, "percent_statements_covered_display": "100"}, "missing_lines": [], "excluded_lines": [], "start_line": 1}}}, "src/collectors/base.py": {"executed_lines": [2, 3, 4, 5, 6, 7, 8, 9, 12, 15, 16, 17, 18, 20, 21, 25, 26, 30, 34, 36, 37, 38, 39, 40, 41, 44, 46, 47, 48, 55, 60, 86, 96, 118, 142, 146, 149], "summary": {"covered_lines": 37, "num_statements": 89, "percent_covered": 41.57303370786517, "percent_covered_display": "42", "missing_lines": 52, "excluded_lines": 0, "percent_statements_covered": 41.57303370786517, "percent_statements_covered_display": "42"}, "missing_lines": [23, 28, 32, 45, 50, 51, 52, 53, 56, 57, 58, 63, 72, 84, 88, 89, 90, 91, 92, 93, 94, 98, 100, 105, 106, 109, 110, 111, 112, 113, 114, 115, 116, 120, 122, 123, 125, 126, 128, 129, 130, 131, 132, 133, 135, 136, 138, 139, 140, 144, 147, 150], "excluded_lines": [], "functions": {"BaseCollector.__init__": {"executed_lines": [16, 17, 18], "summary": {"covered_lines": 3, "num_statements": 3, "percent_covered": 100.0, "percent_covered_display": "100", "missing_lines": 0, "excluded_lines": 0, "percent_statements_covered": 100.0, "percent_statements_covered_display": "100"}, "missing_lines": [], "excluded_lines": [], "start_line": 15}, "BaseCollector.get_all_games": {"executed_lines": [], "summary": {"covered_lines": 0, "num_statements": 1, "percent_covered": 0.0, "percent_covered_display": "0", "missing_lines": 1, "excluded_lines": 0, "percent_statements_covered": 0.0, "percent_statements_covered_display": "0"}, "missing_lines": [23], "excluded_lines": [], "start_line": 21}, "BaseCollector.parse_game_data": {"executed_lines": [], "summary": {"covered_lines": 0, "num_statements": 1, "percent_covered": 0.0, "percent_covered_display": "0", "missing_lines": 1, "excluded_lines": 0, "percent_statements_covered": 0.0, "percent_statements_covered_display": "0"}, "missing_lines": [28], "excluded_lines": [], "start_line": 26}, "BaseCollector.rate_limit": {"executed_lines": [], "summary": {"covered_lines": 0, "num_statements": 1, "percent_covered": 0.0, "percent_covered_display": "0", "missing_lines": 1, "excluded_lines": 0, "percent_statements_covered": 0.0, "percent_statements_covered_display": "0"}, "missing_lines": [32], "excluded_lines": [], "start_line": 30}, "BaseCollector.extract_opening_from_pgn": {"executed_lines": [36, 37, 38, 39, 40, 41, 44, 46, 47, 48, 55], "summary": {"covered_lines": 11, "num_statements": 19, "percent_covered": 57.89473684210526, "percent_covered_display": "58", "missing_lines": 8, "excluded_lines": 0, "percent_statements_covered": 57.89473684210526, "percent_statements_covered_display": "58"}, "missing_lines": [45, 50, 51, 52, 53, 56, 57, 58], "excluded_lines": [], "start_line": 34}, "BaseCollector._eco_to_opening_name": {"executed_lines": [], "summary": {"covered_lines": 0, "num_statements": 3, "percent_covered": 0.0, "percent_covered_display": "0", "missing_lines": 3, "excluded_lines": 0, "percent_statements_covered": 0.0, "percent_statements_covered_display": "0"}, "missing_lines": [63, 72, 84], "excluded_lines": [], "start_line": 60}, "BaseCollector.parse_result": {"executed_lines": [], "summary": {"covered_lines": 0, "num_statements": 7, "percent_covered": 0.0, "percent_covered_display": "0", "missing_lines": 7, "excluded_lines": 0, "percent_statements_covered": 0.0, "percent_statements_covered_display": "0"}, "missing_lines": [88, 89, 90, 91, 92, 93, 94], "excluded_lines": [], "start_line": 86}, "BaseCollector.save_game": {"executed_lines": [], "summary": {"covered_lines": 0, "num_statements": 12, "percent_covered": 0.0, "percent_covered_display": "0", "missing_lines": 12, "excluded_lines": 0, "percent_statements_covered": 0.0, "percent_statements_covered_display": "0"}, "missing_lines": [98, 100, 105, 106, 109, 110, 111, 112, 113, 114, 115, 116], "excluded_lines": [], "start_line": 96}, "BaseCollector.sync_games": {"executed_lines": [], "summary": {"covered_lines": 0, "num_statements": 16, "percent_covered": 0.0, "percent_covered_display": "0", "missing_lines": 16, "excluded_lines": 0, "percent_statements_covered": 0.0, "percent_statements_covered_display": "0"}, "missing_lines": [120, 122, 123, 125, 126, 128, 129, 130, 131, 132, 133, 135, 136, 138, 139, 140], "excluded_lines": [], "start_line": 118}, "BaseCollector.close": {"executed_lines": [], "summary": {"covered_lines": 0, "num_statements": 1, "percent_covered": 0.0, "percent_covered_display": "0", "missing_lines": 1, "excluded_lines": 0, "percent_statements_covered": 0.0, "percent_statements_covered_display": "0"}, "missing_lines": [144], "excluded_lines": [], "start_line": 142}, "BaseCollector.__enter__": {"executed_lines": [], "summary": {"covered_lines": 0, "num_statements": 1, "percent_covered": 0.0, "percent_covered_display": "0", "missing_lines": 1, "excluded_lines": 0, "percent_statements_covered": 0.0, "percent_statements_covered_display": "0"}, "missing_lines": [147], "excluded_lines": [], "start_line": 146}, "BaseCollector.__exit__": {"executed_lines": [], "summary": {"covered_lines": 0, "num_statements": 1, "percent_covered": 0.0, "percent_covered_display": "0", "missing_lines": 1, "excluded_lines": 0, "percent_statements_covered": 0.0, "percent_statements_covered_display": "0"}, "missing_lines": [150], "excluded_lines": [], "start_line": 149}, "": {"executed_lines": [2, 3, 4, 5, 6, 7, 8, 9, 12, 15, 20, 21, 25, 26, 30, 34, 60, 86, 96, 118, 142, 146, 149], "summary": {"covered_lines": 23, "num_statements": 23, "percent_covered": 100.0, "percent_covered_display": "100", "missing_lines": 0, "excluded_lines": 0, "percent_statements_covered": 100.0, "percent_statements_covered_display": "100"}, "missing_lines": [], "excluded_lines": [], "start_line": 1}}, "classes": {"BaseCollector": {"executed_lines": [16, 17, 18, 36, 37, 38, 39, 40, 41, 44, 46, 47, 48, 55], "summary": {"covered_lines": 14, "num_statements": 66, "percent_covered": 21.21212121212121, "percent_covered_display": "21", "missing_lines": 52, "excluded_lines": 0, "percent_statements_covered": 21.21212121212121, "percent_statements_covered_display": "21"}, "missing_lines": [23, 28, 32, 45, 50, 51, 52, 53, 56, 57, 58, 63, 72, 84, 88, 89, 90, 91, 92, 93, 94, 98, 100, 105, 106, 109, 110, 111, 112, 113, 114, 115, 116, 120, 122, 123, 125, 126, 128, 129, 130, 131, 132, 133, 135, 136, 138, 139, 140, 144, 147, 150], "excluded_lines": [], "start_line": 12}, "": {"executed_lines": [2, 3, 4, 5, 6, 7, 8, 9, 12, 15, 20, 21, 25, 26, 30, 34, 60, 86, 96, 118, 142, 146, 149], "summary": {"covered_lines": 23, "num_statements": 23, "percent_covered": 100.0, "percent_covered_display": "100", "missing_lines": 0, "excluded_lines": 0, "percent_statements_covered": 100.0, "percent_statements_covered_display": "100"}, "missing_lines": [], "excluded_lines": [], "start_line": 1}}}, "src/collectors/chess_com.py": {"executed_lines": [2, 3, 4, 5, 8, 11, 13, 14, 15, 19, 49, 59, 61, 63, 64, 67, 68, 69, 70, 77, 80, 83, 84, 87, 90, 91, 94, 95, 101, 121], "summary": {"covered_lines": 30, "num_statements": 71, "percent_covered": 42.25352112676056, "percent_covered_display": "42", "missing_lines": 41, "excluded_lines": 0, "percent_statements_covered": 42.25352112676056, "percent_statements_covered_display": "42"}, "missing_lines": [21, 24, 26, 27, 28, 29, 32, 34, 37, 38, 39, 40, 41, 43, 45, 46, 47, 51, 52, 53, 54, 55, 56, 57, 72, 73, 74, 96, 97, 99, 116, 117, 118, 122, 123, 125, 126, 128, 129, 130, 132], "excluded_lines": [], "functions": {"ChessComCollector.__init__": {"executed_lines": [14, 15], "summary": {"covered_lines": 2, "num_statements": 2, "percent_covered": 100.0, "percent_covered_display": "100", "missing_lines": 0, "excluded_lines": 0, "percent_statements_covered": 100.0, "percent_statements_covered_display": "100"}, "missing_lines": [], "excluded_lines": [], "start_line": 13}, "ChessComCollector.get_all_games": {"executed_lines": [], "summary": {"covered_lines": 0, "num_statements": 17, "percent_covered": 0.0, "percent_covered_display": "0", "missing_lines": 17, "excluded_lines": 0, "percent_statements_covered": 0.0, "percent_statements_covered_display": "0"}, "missing_lines": [21, 24, 26, 27, 28, 29, 32, 34, 37, 38, 39, 40, 41, 43, 45, 46, 47], "excluded_lines": [], "start_line": 19}, "ChessComCollector._get_archive_games": {"executed_lines": [], "summary": {"covered_lines": 0, "num_statements": 7, "percent_covered": 0.0, "percent_covered_display": "0", "missing_lines": 7, "excluded_lines": 0, "percent_statements_covered": 0.0, "percent_statements_covered_display": "0"}, "missing_lines": [51, 52, 53, 54, 55, 56, 57], "excluded_lines": [], "start_line": 49}, "ChessComCollector.parse_game_data": {"executed_lines": [61, 63, 64, 67, 68, 69, 70, 77, 80, 83, 84, 87, 90, 91, 94, 95, 101], "summary": {"covered_lines": 17, "num_statements": 26, "percent_covered": 65.38461538461539, "percent_covered_display": "65", "missing_lines": 9, "excluded_lines": 0, "percent_statements_covered": 65.38461538461539, "percent_statements_covered_display": "65"}, "missing_lines": [72, 73, 74, 96, 97, 99, 116, 117, 118], "excluded_lines": [], "start_line": 59}, "": {"executed_lines": [2, 3, 4, 5, 8, 11, 13, 19, 49, 59, 121], "summary": {"covered_lines": 11, "num_statements": 19, "percent_covered": 57.89473684210526, "percent_covered_display": "58", "missing_lines": 8, "excluded_lines": 0, "percent_statements_covered": 57.89473684210526, "percent_statements_covered_display": "58"}, "missing_lines": [122, 123, 125, 126, 128, 129, 130, 132], "excluded_lines": [], "start_line": 1}}, "classes": {"ChessComCollector": {"executed_lines": [14, 15, 61, 63, 64, 67, 68, 69, 70, 77, 80, 83, 84, 87, 90, 91, 94, 95, 101], "summary": {"covered_lines": 19, "num_statements": 52, "percent_covered": 36.53846153846154, "percent_covered_display": "37", "missing_lines": 33, "excluded_lines": 0, "percent_statements_covered": 36.53846153846154, "percent_statements_covered_display": "37"}, "missing_lines": [21, 24, 26, 27, 28, 29, 32, 34, 37, 38, 39, 40, 41, 43, 45, 46, 47, 51, 52, 53, 54, 55, 56, 57, 72, 73, 74, 96, 97, 99, 116, 117, 118], "excluded_lines": [], "start_line": 8}, "": {"executed_lines": [2, 3, 4, 5, 8, 11, 13, 19, 49, 59, 121], "summary": {"covered_lines": 11, "num_statements": 19, "percent_covered": 57.89473684210526, "percent_covered_display": "58", "missing_lines": 8, "excluded_lines": 0, "percent_statements_covered": 57.89473684210526, "percent_statements_covered_display": "58"}, "missing_lines": [122, 123, 125, 126, 128, 129, 130, 132], "excluded_lines": [], "start_line": 1}}}, "src/collectors/lichess.py": {"executed_lines": [2, 3, 4, 5, 6, 7, 10, 13, 15, 16, 17, 20, 23, 62, 64, 66, 67, 70, 73, 74, 75, 76, 77, 84, 87, 88, 89, 92, 93, 96, 97, 98, 99, 100, 105, 106, 108, 109, 115, 135], "summary": {"covered_lines": 40, "num_statements": 76, "percent_covered": 52.63157894736842, "percent_covered_display": "53", "missing_lines": 36, "excluded_lines": 0, "percent_statements_covered": 52.63157894736842, "percent_statements_covered_display": "53"}, "missing_lines": [21, 25, 27, 35, 37, 38, 39, 46, 49, 50, 51, 52, 53, 55, 56, 58, 59, 60, 79, 80, 81, 102, 110, 111, 113, 130, 131, 132, 136, 137, 139, 140, 142, 143, 144, 146], "excluded_lines": [], "functions": {"LichessCollector.__init__": {"executed_lines": [16, 17, 20], "summary": {"covered_lines": 3, "num_statements": 4, "percent_covered": 75.0, "percent_covered_display": "75", "missing_lines": 1, "excluded_lines": 0, "percent_statements_covered": 75.0, "percent_statements_covered_display": "75"}, "missing_lines": [21], "excluded_lines": [], "start_line": 15}, "LichessCollector.get_all_games": {"executed_lines": [], "summary": {"covered_lines": 0, "num_statements": 17, "percent_covered": 0.0, "percent_covered_display": "0", "missing_lines": 17, "excluded_lines": 0, "percent_statements_covered": 0.0, "percent_statements_covered_display": "0"}, "missing_lines": [25, 27, 35, 37, 38, 39, 46, 49, 50, 51, 52, 53, 55, 56, 58, 59, 60], "excluded_lines": [], "start_line": 23}, "LichessCollector.parse_game_data": {"executed_lines": [64, 66, 67, 70, 73, 74, 75, 76, 77, 84, 87, 88, 89, 92, 93, 96, 97, 98, 99, 100, 105, 106, 108, 109, 115], "summary": {"covered_lines": 25, "num_statements": 35, "percent_covered": 71.42857142857143, "percent_covered_display": "71", "missing_lines": 10, "excluded_lines": 0, "percent_statements_covered": 71.42857142857143, "percent_statements_covered_display": "71"}, "missing_lines": [79, 80, 81, 102, 110, 111, 113, 130, 131, 132], "excluded_lines": [], "start_line": 62}, "": {"executed_lines": [2, 3, 4, 5, 6, 7, 10, 13, 15, 23, 62, 135], "summary": {"covered_lines": 12, "num_statements": 20, "percent_covered": 60.0, "percent_covered_display": "60", "missing_lines": 8, "excluded_lines": 0, "percent_statements_covered": 60.0, "percent_statements_covered_display": "60"}, "missing_lines": [136, 137, 139, 140, 142, 143, 144, 146], "excluded_lines": [], "start_line": 1}}, "classes": {"LichessCollector": {"executed_lines": [16, 17, 20, 64, 66, 67, 70, 73, 74, 75, 76, 77, 84, 87, 88, 89, 92, 93, 96, 97, 98, 99, 100, 105, 106, 108, 109, 115], "summary": {"covered_lines": 28, "num_statements": 56, "percent_covered": 50.0, "percent_covered_display": "50", "missing_lines": 28, "excluded_lines": 0, "percent_statements_covered": 50.0, "percent_statements_covered_display": "50"}, "missing_lines": [21, 25, 27, 35, 37, 38, 39, 46, 49, 50, 51, 52, 53, 55, 56, 58, 59, 60, 79, 80, 81, 102, 110, 111, 113, 130, 131, 132], "excluded_lines": [], "start_line": 10}, "": {"executed_lines": [2, 3, 4, 5, 6, 7, 10, 13, 15, 23, 62, 135], "summary": {"covered_lines": 12, "num_statements": 20, "percent_covered": 60.0, "percent_covered_display": "60", "missing_lines": 8, "excluded_lines": 0, "percent_statements_covered": 60.0, "percent_statements_covered_display": "60"}, "missing_lines": [136, 137, 139, 140, 142, 143, 144, 146], "excluded_lines": [], "start_line": 1}}}, "src/database/__init__.py": {"executed_lines": [2, 4], "summary": {"covered_lines": 2, "num_statements": 3, "percent_covered": 66.66666666666667, "percent_covered_display": "67", "missing_lines": 1, "excluded_lines": 0, "percent_statements_covered": 66.66666666666667, "percent_statements_covered_display": "67"}, "missing_lines": [5], "excluded_lines": [], "functions": {"": {"executed_lines": [2, 4], "summary": {"covered_lines": 2, "num_statements": 3, "percent_covered": 66.66666666666667, "percent_covered_display": "67", "missing_lines": 1, "excluded_lines": 0, "percent_statements_covered": 66.66666666666667, "percent_statements_covered_display": "67"}, "missing_lines": [5], "excluded_lines": [], "start_line": 1}}, "classes": {"": {"executed_lines": [2, 4], "summary": {"covered_lines": 2, "num_statements": 3, "percent_covered": 66.66666666666667, "percent_covered_display": "67", "missing_lines": 1, "excluded_lines": 0, "percent_statements_covered": 66.66666666666667, "percent_statements_covered_display": "67"}, "missing_lines": [5], "excluded_lines": [], "start_line": 1}}}, "src/database/models.py": {"executed_lines": [2, 3, 15, 16, 17, 18, 20, 22, 25, 28, 30, 31, 32, 33, 34, 35, 36, 37, 38, 39, 40, 41, 42, 45, 46, 47, 50, 51, 52, 53, 54, 57, 58, 59, 60, 63, 64, 65, 66, 67, 68, 69, 70, 71, 74, 76, 80, 83, 85, 86, 87, 88, 91, 92, 93, 96, 97, 98, 99, 100, 103, 105, 109, 112, 114, 115, 116, 119, 120, 121, 122, 123, 126, 127, 129, 130, 131, 133, 135, 139, 142, 144, 145, 146, 147, 149, 153, 156, 158, 159, 160, 161, 162, 163, 164, 166, 170, 173, 175, 176, 177, 178, 179, 180, 182, 187, 189, 190, 193, 195, 196, 197, 200, 202, 203, 204, 207], "summary": {"covered_lines": 117, "num_statements": 125, "percent_covered": 93.6, "percent_covered_display": "94", "missing_lines": 8, "excluded_lines": 0, "percent_statements_covered": 93.6, "percent_statements_covered_display": "94"}, "missing_lines": [77, 106, 132, 136, 150, 167, 183, 208], "excluded_lines": [], "functions": {"Game.__repr__": {"executed_lines": [], "summary": {"covered_lines": 0, "num_statements": 1, "percent_covered": 0.0, "percent_covered_display": "0", "missing_lines": 1, "excluded_lines": 0, "percent_statements_covered": 0.0, "percent_statements_covered_display": "0"}, "missing_lines": [77], "excluded_lines": [], "start_line": 76}, "Position.__repr__": {"executed_lines": [], "summary": {"covered_lines": 0, "num_statements": 1, "percent_covered": 0.0, "percent_covered_display": "0", "missing_lines": 1, "excluded_lines": 0, "percent_statements_covered": 0.0, "percent_statements_covered_display": "0"}, "missing_lines": [106], "excluded_lines": [], "start_line": 105}, "Opening.win_rate": {"executed_lines": [131, 133], "summary": {"covered_lines": 2, "num_statements": 3, "percent_covered": 66.66666666666667, "percent_covered_display": "67", "missing_lines": 1, "excluded_lines": 0, "percent_statements_covered": 66.66666666666667, "percent_statements_covered_display": "67"}, "missing_lines": [132], "excluded_lines": [], "start_line": 130}, "Opening.__repr__": {"executed_lines": [], "summary": {"covered_lines": 0, "num_statements": 1, "percent_covered": 0.0, "percent_covered_display": "0", "missing_lines": 1, "excluded_lines": 0, "percent_statements_covered": 0.0, "percent_statements_covered_display": "0"}, "missing_lines": [136], "excluded_lines": [], "start_line": 135}, "DailyPlan.__repr__": {"executed_lines": [], "summary": {"covered_lines": 0, "num_statements": 1, "percent_covered": 0.0, "percent_covered_display": "0", "missing_lines": 1, "excluded_lines": 0, "percent_statements_covered": 0.0, "percent_statements_covered_display": "0"}, "missing_lines": [150], "excluded_lines": [], "start_line": 149}, "Insight.__repr__": {"executed_lines": [], "summary": {"covered_lines": 0, "num_statements": 1, "percent_covered": 0.0, "percent_covered_display": "0", "missing_lines": 1, "excluded_lines": 0, "percent_statements_covered": 0.0, "percent_statements_covered_display": "0"}, "missing_lines": [167], "excluded_lines": [], "start_line": 166}, "GameReview.__repr__": {"executed_lines": [], "summary": {"covered_lines": 0, "num_statements": 1, "percent_covered": 0.0, "percent_covered_display": "0", "missing_lines": 1, "excluded_lines": 0, "percent_statements_covered": 0.0, "percent_statements_covered_display": "0"}, "missing_lines": [183], "excluded_lines": [], "start_line": 182}, "get_engine": {"executed_lines": [189, 190], "summary": {"covered_lines": 2, "num_statements": 2, "percent_covered": 100.0, "percent_covered_display": "100", "missing_lines": 0, "excluded_lines": 0, "percent_statements_covered": 100.0, "percent_statements_covered_display": "100"}, "missing_lines": [], "excluded_lines": [], "start_line": 187}, "get_session": {"executed_lines": [195, 196, 197], "summary": {"covered_lines": 3, "num_statements": 3, "percent_covered": 100.0, "percent_covered_display": "100", "missing_lines": 0, "excluded_lines": 0, "percent_statements_covered": 100.0, "percent_statements_covered_display": "100"}, "missing_lines": [], "excluded_lines": [], "start_line": 193}, "init_db": {"executed_lines": [202, 203, 204], "summary": {"covered_lines": 3, "num_statements": 3, "percent_covered": 100.0, "percent_covered_display": "100", "missing_lines": 0, "excluded_lines": 0, "percent_statements_covered": 100.0, "percent_statements_covered_display": "100"}, "missing_lines": [], "excluded_lines": [], "start_line": 200}, "": {"executed_lines": [2, 3, 15, 16, 17, 18, 20, 22, 25, 28, 30, 31, 32, 33, 34, 35, 36, 37, 38, 39, 40, 41, 42, 45, 46, 47, 50, 51, 52, 53, 54, 57, 58, 59, 60, 63, 64, 65, 66, 67, 68, 69, 70, 71, 74, 76, 80, 83, 85, 86, 87, 88, 91, 92, 93, 96, 97, 98, 99, 100, 103, 105, 109, 112, 114, 115, 116, 119, 120, 121, 122, 123, 126, 127, 129, 130, 135, 139, 142, 144, 145, 146, 147, 149, 153, 156, 158, 159, 160, 161, 162, 163, 164, 166, 170, 173, 175, 176, 177, 178, 179, 180, 182, 187, 193, 200, 207], "summary": {"covered_lines": 107, "num_statements": 108, "percent_covered": 99.07407407407408, "percent_covered_display": "99", "missing_lines": 1, "excluded_lines": 0, "percent_statements_covered": 99.07407407407408, "percent_statements_covered_display": "99"}, "missing_lines": [208], "excluded_lines": [], "start_line": 1}}, "classes": {"Game": {"executed_lines": [], "summary": {"covered_lines": 0, "num_statements": 1, "percent_covered": 0.0, "percent_covered_display": "0", "missing_lines": 1, "excluded_lines": 0, "percent_statements_covered": 0.0, "percent_statements_covered_display": "0"}, "missing_lines": [77], "excluded_lines": [], "start_line": 25}, "Position": {"executed_lines": [], "summary": {"covered_lines": 0, "num_statements": 1, "percent_covered": 0.0, "percent_covered_display": "0", "missing_lines": 1, "excluded_lines": 0, "percent_statements_covered": 0.0, "percent_statements_covered_display": "0"}, "missing_lines": [106], "excluded_lines": [], "start_line": 80}, "Opening": {"executed_lines": [131, 133], "summary": {"covered_lines": 2, "num_statements": 4, "percent_covered": 50.0, "percent_covered_display": "50", "missing_lines": 2, "excluded_lines": 0, "percent_statements_covered": 50.0, "percent_statements_covered_display": "50"}, "missing_lines": [132, 136], "excluded_lines": [], "start_line": 109}, "DailyPlan": {"executed_lines": [], "summary": {"covered_lines": 0, "num_statements": 1, "percent_covered": 0.0, "percent_covered_display": "0", "missing_lines": 1, "excluded_lines": 0, "percent_statements_covered": 0.0, "percent_statements_covered_display": "0"}, "missing_lines": [150], "excluded_lines": [], "start_line": 139}, "Insight": {"executed_lines": [], "summary": {"covered_lines": 0, "num_statements": 1, "percent_covered": 0.0, "percent_covered_display": "0", "missing_lines": 1, "excluded_lines": 0, "percent_statements_covered": 0.0, "percent_statements_covered_display": "0"}, "missing_lines": [167], "excluded_lines": [], "start_line": 153}, "GameReview": {"executed_lines": [], "summary": {"covered_lines": 0, "num_statements": 1, "percent_covered": 0.0, "percent_covered_display": "0", "missing_lines": 1, "excluded_lines": 0, "percent_statements_covered": 0.0, "percent_statements_covered_display": "0"}, "missing_lines": [183], "excluded_lines": [], "start_line": 170}, "": {"executed_lines": [2, 3, 15, 16, 17, 18, 20, 22, 25, 28, 30, 31, 32, 33, 34, 35, 36, 37, 38, 39, 40, 41, 42, 45, 46, 47, 50, 51, 52, 53, 54, 57, 58, 59, 60, 63, 64, 65, 66, 67, 68, 69, 70, 71, 74, 76, 80, 83, 85, 86, 87, 88, 91, 92, 93, 96, 97, 98, 99, 100, 103, 105, 109, 112, 114, 115, 116, 119, 120, 121, 122, 123, 126, 127, 129, 130, 135, 139, 142, 144, 145, 146, 147, 149, 153, 156, 158, 159, 160, 161, 162, 163, 164, 166, 170, 173, 175, 176, 177, 178, 179, 180, 182, 187, 189, 190, 193, 195, 196, 197, 200, 202, 203, 204, 207], "summary": {"covered_lines": 115, "num_statements": 116, "percent_covered": 99.13793103448276, "percent_covered_display": "99", "missing_lines": 1, "excluded_lines": 0, "percent_statements_covered": 99.13793103448276, "percent_statements_covered_display": "99"}, "missing_lines": [208], "excluded_lines": [], "start_line": 1}}}, "src/resources/__init__.py": {"executed_lines": [], "summary": {"covered_lines": 0, "num_statements": 0, "percent_covered": 100.0, "percent_covered_display": "100", "missing_lines": 0, "excluded_lines": 0, "percent_statements_covered": 100.0, "percent_statements_covered_display": "100"}, "missing_lines": [], "excluded_lines": [], "functions": {"": {"executed_lines": [], "summary": {"covered_lines": 0, "num_statements": 0, "percent_covered": 100.0, "percent_covered_display": "100", "missing_lines": 0, "excluded_lines": 0, "percent_statements_covered": 100.0, "percent_statements_covered_display": "100"}, "missing_lines": [], "excluded_lines": [], "start_line": 1}}, "classes": {"": {"executed_lines": [], "summary": {"covered_lines": 0, "num_statements": 0, "percent_covered": 100.0, "percent_covered_display": "100", "missing_lines": 0, "excluded_lines": 0, "percent_statements_covered": 100.0, "percent_statements_covered_display": "100"}, "missing_lines": [], "excluded_lines": [], "start_line": 1}}}, "src/training/__init__.py": {"executed_lines": [], "summary": {"covered_lines": 0, "num_statements": 0, "percent_covered": 100.0, "percent_covered_display": "100", "missing_lines": 0, "excluded_lines": 0, "percent_statements_covered": 100.0, "percent_statements_covered_display": "100"}, "missing_lines": [], "excluded_lines": [], "functions": {"": {"executed_lines": [], "summary": {"covered_lines": 0, "num_statements": 0, "percent_covered": 100.0, "percent_covered_display": "100", "missing_lines": 0, "excluded_lines": 0, "percent_statements_covered": 100.0, "percent_statements_covered_display": "100"}, "missing_lines": [], "excluded_lines": [], "start_line": 1}}, "classes": {"": {"executed_lines": [], "summary": {"covered_lines": 0, "num_statements": 0, "percent_covered": 100.0, "percent_covered_display": "100", "missing_lines": 0, "excluded_lines": 0, "percent_statements_covered": 100.0, "percent_statements_covered_display": "100"}, "missing_lines": [], "excluded_lines": [], "start_line": 1}}}, "src/training/plan_generator.py": {"executed_lines": [2, 3, 4, 5, 6, 7, 10, 13, 14, 16, 85, 109, 135, 174, 214, 223, 235, 239], "summary": {"covered_lines": 18, "num_statements": 96, "percent_covered": 18.75, "percent_covered_display": "19", "missing_lines": 78, "excluded_lines": 0, "percent_statements_covered": 18.75, "percent_statements_covered_display": "19"}, "missing_lines": [18, 19, 21, 24, 30, 31, 32, 34, 35, 38, 39, 40, 41, 44, 45, 46, 49, 50, 51, 52, 55, 56, 57, 58, 61, 69, 72, 77, 78, 80, 81, 83, 87, 88, 89, 91, 92, 94, 96, 112, 120, 123, 138, 147, 148, 151, 157, 163, 177, 186, 187, 190, 191, 192, 195, 196, 197, 198, 200, 202, 216, 217, 218, 219, 221, 225, 226, 228, 229, 230, 231, 232, 233, 236, 240, 242, 243, 244], "excluded_lines": [], "functions": {"PlanGenerator.__init__": {"executed_lines": [14], "summary": {"covered_lines": 1, "num_statements": 1, "percent_covered": 100.0, "percent_covered_display": "100", "missing_lines": 0, "excluded_lines": 0, "percent_statements_covered": 100.0, "percent_statements_covered_display": "100"}, "missing_lines": [], "excluded_lines": [], "start_line": 13}, "PlanGenerator.generate_plan": {"executed_lines": [], "summary": {"covered_lines": 0, "num_statements": 32, "percent_covered": 0.0, "percent_covered_display": "0", "missing_lines": 32, "excluded_lines": 0, "percent_statements_covered": 0.0, "percent_statements_covered_display": "0"}, "missing_lines": [18, 19, 21, 24, 30, 31, 32, 34, 35, 38, 39, 40, 41, 44, 45, 46, 49, 50, 51, 52, 55, 56, 57, 58, 61, 69, 72, 77, 78, 80, 81, 83], "excluded_lines": [], "start_line": 16}, "PlanGenerator._create_opening_task": {"executed_lines": [], "summary": {"covered_lines": 0, "num_statements": 7, "percent_covered": 0.0, "percent_covered_display": "0", "missing_lines": 7, "excluded_lines": 0, "percent_statements_covered": 0.0, "percent_statements_covered_display": "0"}, "missing_lines": [87, 88, 89, 91, 92, 94, 96], "excluded_lines": [], "start_line": 85}, "PlanGenerator._create_tactics_task": {"executed_lines": [], "summary": {"covered_lines": 0, "num_statements": 3, "percent_covered": 0.0, "percent_covered_display": "0", "missing_lines": 3, "excluded_lines": 0, "percent_statements_covered": 0.0, "percent_statements_covered_display": "0"}, "missing_lines": [112, 120, 123], "excluded_lines": [], "start_line": 109}, "PlanGenerator._create_game_review_task": {"executed_lines": [], "summary": {"covered_lines": 0, "num_statements": 6, "percent_covered": 0.0, "percent_covered_display": "0", "missing_lines": 6, "excluded_lines": 0, "percent_statements_covered": 0.0, "percent_statements_covered_display": "0"}, "missing_lines": [138, 147, 148, 151, 157, 163], "excluded_lines": [], "start_line": 135}, "PlanGenerator._create_mistake_pattern_task": {"executed_lines": [], "summary": {"covered_lines": 0, "num_statements": 12, "percent_covered": 0.0, "percent_covered_display": "0", "missing_lines": 12, "excluded_lines": 0, "percent_statements_covered": 0.0, "percent_statements_covered_display": "0"}, "missing_lines": [177, 186, 187, 190, 191, 192, 195, 196, 197, 198, 200, 202], "excluded_lines": [], "start_line": 174}, "PlanGenerator._in_phase": {"executed_lines": [], "summary": {"covered_lines": 0, "num_statements": 5, "percent_covered": 0.0, "percent_covered_display": "0", "missing_lines": 5, "excluded_lines": 0, "percent_statements_covered": 0.0, "percent_statements_covered_display": "0"}, "missing_lines": [216, 217, 218, 219, 221], "excluded_lines": [], "start_line": 214}, "PlanGenerator._print_plan": {"executed_lines": [], "summary": {"covered_lines": 0, "num_statements": 8, "percent_covered": 0.0, "percent_covered_display": "0", "missing_lines": 8, "excluded_lines": 0, "percent_statements_covered": 0.0, "percent_statements_covered_display": "0"}, "missing_lines": [225, 226, 228, 229, 230, 231, 232, 233], "excluded_lines": [], "start_line": 223}, "PlanGenerator.close": {"executed_lines": [], "summary": {"covered_lines": 0, "num_statements": 1, "percent_covered": 0.0, "percent_covered_display": "0", "missing_lines": 1, "excluded_lines": 0, "percent_statements_covered": 0.0, "percent_statements_covered_display": "0"}, "missing_lines": [236], "excluded_lines": [], "start_line": 235}, "": {"executed_lines": [2, 3, 4, 5, 6, 7, 10, 13, 16, 85, 109, 135, 174, 214, 223, 235, 239], "summary": {"covered_lines": 17, "num_statements": 21, "percent_covered": 80.95238095238095, "percent_covered_display": "81", "missing_lines": 4, "excluded_lines": 0, "percent_statements_covered": 80.95238095238095, "percent_statements_covered_display": "81"}, "missing_lines": [240, 242, 243, 244], "excluded_lines": [], "start_line": 1}}, "classes": {"PlanGenerator": {"executed_lines": [14], "summary": {"covered_lines": 1, "num_statements": 75, "percent_covered": 1.3333333333333333, "percent_covered_display": "1", "missing_lines": 74, "excluded_lines": 0, "percent_statements_covered": 1.3333333333333333, "percent_statements_covered_display": "1"}, "missing_lines": [18, 19, 21, 24, 30, 31, 32, 34, 35, 38, 39, 40, 41, 44, 45, 46, 49, 50, 51, 52, 55, 56, 57, 58, 61, 69, 72, 77, 78, 80, 81, 83, 87, 88, 89, 91, 92, 94, 96, 112, 120, 123, 138, 147, 148, 151, 157, 163, 177, 186, 187, 190, 191, 192, 195, 196, 197, 198, 200, 202, 216, 217, 218, 219, 221, 225, 226, 228, 229, 230, 231, 232, 233, 236], "excluded_lines": [], "start_line": 10}, "": {"executed_lines": [2, 3, 4, 5, 6, 7, 10, 13, 16, 85, 109, 135, 174, 214, 223, 235, 239], "summary": {"covered_lines": 17, "num_statements": 21, "percent_covered": 80.95238095238095, "percent_covered_display": "81", "missing_lines": 4, "excluded_lines": 0, "percent_statements_covered": 80.95238095238095, "percent_statements_covered_display": "81"}, "missing_lines": [240, 242, 243, 244], "excluded_lines": [], "start_line": 1}}}, "src/web/__init__.py": {"executed_lines": [], "summary": {"covered_lines": 0, "num_statements": 0, "percent_covered": 100.0, "percent_covered_display": "100", "missing_lines": 0, "excluded_lines": 0, "percent_statements_covered": 100.0, "percent_statements_covered_display": "100"}, "missing_lines": [], "excluded_lines": [], "functions": {"": {"executed_lines": [], "summary": {"covered_lines": 0, "num_statements": 0, "percent_covered": 100.0, "percent_covered_display": "100", "missing_lines": 0, "excluded_lines": 0, "percent_statements_covered": 100.0, "percent_statements_covered_display": "100"}, "missing_lines": [], "excluded_lines": [], "start_line": 1}}, "classes": {"": {"executed_lines": [], "summary": {"covered_lines": 0, "num_statements": 0, "percent_covered": 100.0, "percent_covered_display": "100", "missing_lines": 0, "excluded_lines": 0, "percent_statements_covered": 100.0, "percent_statements_covered_display": "100"}, "missing_lines": [], "excluded_lines": [], "start_line": 1}}}, "src/web/app.py": {"executed_lines": [], "summary": {"covered_lines": 0, "num_statements": 285, "percent_covered": 0.0, "percent_covered_display": "0", "missing_lines": 285, "excluded_lines": 0, "percent_statements_covered": 0.0, "percent_statements_covered_display": "0"}, "missing_lines": [2, 3, 4, 5, 6, 7, 10, 11, 12, 13, 14, 15, 16, 17, 18, 19, 20, 22, 25, 26, 28, 31, 32, 39, 47, 48, 51, 59, 61, 71, 72, 73, 75, 78, 79, 81, 84, 90, 92, 95, 96, 98, 99, 100, 102, 105, 106, 108, 110, 111, 112, 113, 114, 115, 116, 118, 119, 121, 123, 126, 127, 129, 131, 132, 134, 135, 136, 138, 140, 149, 150, 152, 154, 156, 157, 158, 161, 162, 164, 165, 166, 167, 169, 171, 173, 183, 184, 186, 188, 190, 191, 192, 194, 195, 197, 198, 200, 203, 204, 206, 208, 209, 211, 212, 213, 215, 217, 218, 219, 221, 222, 223, 224, 225, 228, 229, 231, 232, 234, 235, 237, 238, 239, 241, 242, 243, 250, 251, 257, 258, 259, 262, 263, 265, 266, 268, 269, 270, 272, 278, 279, 280, 281, 283, 284, 285, 288, 289, 291, 292, 293, 296, 297, 299, 300, 301, 302, 305, 306, 308, 311, 312, 313, 314, 315, 316, 319, 324, 325, 326, 327, 328, 329, 330, 331, 332, 333, 334, 336, 339, 340, 343, 344, 346, 347, 349, 350, 351, 352, 354, 355, 356, 357, 359, 361, 379, 380, 383, 384, 386, 387, 388, 390, 391, 393, 394, 395, 398, 400, 407, 408, 411, 412, 414, 416, 419, 422, 440, 441, 443, 445, 448, 449, 450, 451, 452, 453, 454, 456, 466, 468, 471, 472, 474, 476, 483, 485, 488, 489, 491, 494, 495, 497, 498, 501, 502, 503, 504, 507, 513, 514, 515, 516, 519, 520, 523, 528, 535, 536, 538, 540, 541, 542, 544, 547, 548, 550, 552, 553, 555, 563, 564, 565, 567, 570, 571, 573, 575, 576, 577, 579, 580, 582, 585, 586], "excluded_lines": [], "functions": {"index": {"executed_lines": [], "summary": {"covered_lines": 0, "num_statements": 9, "percent_covered": 0.0, "percent_covered_display": "0", "missing_lines": 9, "excluded_lines": 0, "percent_statements_covered": 0.0, "percent_statements_covered_display": "0"}, "missing_lines": [28, 31, 32, 39, 47, 48, 51, 59, 61], "excluded_lines": [], "start_line": 26}, "daily_plan": {"executed_lines": [], "summary": {"covered_lines": 0, "num_statements": 7, "percent_covered": 0.0, "percent_covered_display": "0", "missing_lines": 7, "excluded_lines": 0, "percent_statements_covered": 0.0, "percent_statements_covered_display": "0"}, "missing_lines": [75, 78, 79, 81, 84, 90, 92], "excluded_lines": [], "start_line": 73}, "generate_plan": {"executed_lines": [], "summary": {"covered_lines": 0, "num_statements": 4, "percent_covered": 0.0, "percent_covered_display": "0", "missing_lines": 4, "excluded_lines": 0, "percent_statements_covered": 0.0, "percent_statements_covered_display": "0"}, "missing_lines": [98, 99, 100, 102], "excluded_lines": [], "start_line": 96}, "complete_task": {"executed_lines": [], "summary": {"covered_lines": 0, "num_statements": 12, "percent_covered": 0.0, "percent_covered_display": "0", "missing_lines": 12, "excluded_lines": 0, "percent_statements_covered": 0.0, "percent_statements_covered_display": "0"}, "missing_lines": [108, 110, 111, 112, 113, 114, 115, 116, 118, 119, 121, 123], "excluded_lines": [], "start_line": 106}, "games_list": {"executed_lines": [], "summary": {"covered_lines": 0, "num_statements": 8, "percent_covered": 0.0, "percent_covered_display": "0", "missing_lines": 8, "excluded_lines": 0, "percent_statements_covered": 0.0, "percent_statements_covered_display": "0"}, "missing_lines": [129, 131, 132, 134, 135, 136, 138, 140], "excluded_lines": [], "start_line": 127}, "view_game": {"executed_lines": [], "summary": {"covered_lines": 0, "num_statements": 14, "percent_covered": 0.0, "percent_covered_display": "0", "missing_lines": 14, "excluded_lines": 0, "percent_statements_covered": 0.0, "percent_statements_covered_display": "0"}, "missing_lines": [152, 154, 156, 157, 158, 161, 162, 164, 165, 166, 167, 169, 171, 173], "excluded_lines": [], "start_line": 150}, "toggle_star": {"executed_lines": [], "summary": {"covered_lines": 0, "num_statements": 10, "percent_covered": 0.0, "percent_covered_display": "0", "missing_lines": 10, "excluded_lines": 0, "percent_statements_covered": 0.0, "percent_statements_covered_display": "0"}, "missing_lines": [186, 188, 190, 191, 192, 194, 195, 197, 198, 200], "excluded_lines": [], "start_line": 184}, "analyze_game_route": {"executed_lines": [], "summary": {"covered_lines": 0, "num_statements": 15, "percent_covered": 0.0, "percent_covered_display": "0", "missing_lines": 15, "excluded_lines": 0, "percent_statements_covered": 0.0, "percent_statements_covered_display": "0"}, "missing_lines": [206, 208, 209, 211, 212, 213, 215, 217, 218, 219, 221, 222, 223, 224, 225], "excluded_lines": [], "start_line": 204}, "queue_game_analysis": {"executed_lines": [], "summary": {"covered_lines": 0, "num_statements": 15, "percent_covered": 0.0, "percent_covered_display": "0", "missing_lines": 15, "excluded_lines": 0, "percent_statements_covered": 0.0, "percent_statements_covered_display": "0"}, "missing_lines": [231, 232, 234, 235, 237, 238, 239, 241, 242, 243, 250, 251, 257, 258, 259], "excluded_lines": [], "start_line": 229}, "get_job_status": {"executed_lines": [], "summary": {"covered_lines": 0, "num_statements": 13, "percent_covered": 0.0, "percent_covered_display": "0", "missing_lines": 13, "excluded_lines": 0, "percent_statements_covered": 0.0, "percent_statements_covered_display": "0"}, "missing_lines": [265, 266, 268, 269, 270, 272, 278, 279, 280, 281, 283, 284, 285], "excluded_lines": [], "start_line": 263}, "cache_stats": {"executed_lines": [], "summary": {"covered_lines": 0, "num_statements": 3, "percent_covered": 0.0, "percent_covered_display": "0", "missing_lines": 3, "excluded_lines": 0, "percent_statements_covered": 0.0, "percent_statements_covered_display": "0"}, "missing_lines": [291, 292, 293], "excluded_lines": [], "start_line": 289}, "clear_cache": {"executed_lines": [], "summary": {"covered_lines": 0, "num_statements": 4, "percent_covered": 0.0, "percent_covered_display": "0", "missing_lines": 4, "excluded_lines": 0, "percent_statements_covered": 0.0, "percent_statements_covered_display": "0"}, "missing_lines": [299, 300, 301, 302], "excluded_lines": [], "start_line": 297}, "get_practice_positions": {"executed_lines": [], "summary": {"covered_lines": 0, "num_statements": 38, "percent_covered": 0.0, "percent_covered_display": "0", "missing_lines": 38, "excluded_lines": 0, "percent_statements_covered": 0.0, "percent_statements_covered_display": "0"}, "missing_lines": [308, 311, 312, 313, 314, 315, 316, 319, 324, 325, 326, 327, 328, 329, 330, 331, 332, 333, 334, 336, 339, 340, 343, 344, 346, 347, 349, 350, 351, 352, 354, 355, 356, 357, 359, 361, 379, 380], "excluded_lines": [], "start_line": 306}, "check_practice_move": {"executed_lines": [], "summary": {"covered_lines": 0, "num_statements": 12, "percent_covered": 0.0, "percent_covered_display": "0", "missing_lines": 12, "excluded_lines": 0, "percent_statements_covered": 0.0, "percent_statements_covered_display": "0"}, "missing_lines": [386, 387, 388, 390, 391, 393, 394, 395, 398, 400, 407, 408], "excluded_lines": [], "start_line": 384}, "openings_list": {"executed_lines": [], "summary": {"covered_lines": 0, "num_statements": 18, "percent_covered": 0.0, "percent_covered_display": "0", "missing_lines": 18, "excluded_lines": 0, "percent_statements_covered": 0.0, "percent_statements_covered_display": "0"}, "missing_lines": [414, 416, 419, 422, 440, 441, 443, 445, 448, 449, 450, 451, 452, 453, 454, 456, 466, 468], "excluded_lines": [], "start_line": 412}, "insights": {"executed_lines": [], "summary": {"covered_lines": 0, "num_statements": 4, "percent_covered": 0.0, "percent_covered_display": "0", "missing_lines": 4, "excluded_lines": 0, "percent_statements_covered": 0.0, "percent_statements_covered_display": "0"}, "missing_lines": [474, 476, 483, 485], "excluded_lines": [], "start_line": 472}, "practice_mistakes": {"executed_lines": [], "summary": {"covered_lines": 0, "num_statements": 1, "percent_covered": 0.0, "percent_covered_display": "0", "missing_lines": 1, "excluded_lines": 0, "percent_statements_covered": 0.0, "percent_statements_covered_display": "0"}, "missing_lines": [491], "excluded_lines": [], "start_line": 489}, "moves_browser": {"executed_lines": [], "summary": {"covered_lines": 0, "num_statements": 15, "percent_covered": 0.0, "percent_covered_display": "0", "missing_lines": 15, "excluded_lines": 0, "percent_statements_covered": 0.0, "percent_statements_covered_display": "0"}, "missing_lines": [497, 498, 501, 502, 503, 504, 507, 513, 514, 515, 516, 519, 520, 523, 528], "excluded_lines": [], "start_line": 495}, "repertoire": {"executed_lines": [], "summary": {"covered_lines": 0, "num_statements": 5, "percent_covered": 0.0, "percent_covered_display": "0", "missing_lines": 5, "excluded_lines": 0, "percent_statements_covered": 0.0, "percent_statements_covered_display": "0"}, "missing_lines": [538, 540, 541, 542, 544], "excluded_lines": [], "start_line": 536}, "add_repertoire": {"executed_lines": [], "summary": {"covered_lines": 0, "num_statements": 8, "percent_covered": 0.0, "percent_covered_display": "0", "missing_lines": 8, "excluded_lines": 0, "percent_statements_covered": 0.0, "percent_statements_covered_display": "0"}, "missing_lines": [550, 552, 553, 555, 563, 564, 565, 567], "excluded_lines": [], "start_line": 548}, "practice_repertoire": {"executed_lines": [], "summary": {"covered_lines": 0, "num_statements": 7, "percent_covered": 0.0, "percent_covered_display": "0", "missing_lines": 7, "excluded_lines": 0, "percent_statements_covered": 0.0, "percent_statements_covered_display": "0"}, "missing_lines": [573, 575, 576, 577, 579, 580, 582], "excluded_lines": [], "start_line": 571}, "": {"executed_lines": [], "summary": {"covered_lines": 0, "num_statements": 63, "percent_covered": 0.0, "percent_covered_display": "0", "missing_lines": 63, "excluded_lines": 0, "percent_statements_covered": 0.0, "percent_statements_covered_display": "0"}, "missing_lines": [2, 3, 4, 5, 6, 7, 10, 11, 12, 13, 14, 15, 16, 17, 18, 19, 20, 22, 25, 26, 71, 72, 73, 95, 96, 105, 106, 126, 127, 149, 150, 183, 184, 203, 204, 228, 229, 262, 263, 288, 289, 296, 297, 305, 306, 383, 384, 411, 412, 471, 472, 488, 489, 494, 495, 535, 536, 547, 548, 570, 571, 585, 586], "excluded_lines": [], "start_line": 1}}, "classes": {"": {"executed_lines": [], "summary": {"covered_lines": 0, "num_statements": 285, "percent_covered": 0.0, "percent_covered_display": "0", "missing_lines": 285, "excluded_lines": 0, "percent_statements_covered": 0.0, "percent_statements_covered_display": "0"}, "missing_lines": [2, 3, 4, 5, 6, 7, 10, 11, 12, 13, 14, 15, 16, 17, 18, 19, 20, 22, 25, 26, 28, 31, 32, 39, 47, 48, 51, 59, 61, 71, 72, 73, 75, 78, 79, 81, 84, 90, 92, 95, 96, 98, 99, 100, 102, 105, 106, 108, 110, 111, 112, 113, 114, 115, 116, 118, 119, 121, 123, 126, 127, 129, 131, 132, 134, 135, 136, 138, 140, 149, 150, 152, 154, 156, 157, 158, 161, 162, 164, 165, 166, 167, 169, 171, 173, 183, 184, 186, 188, 190, 191, 192, 194, 195, 197, 198, 200, 203, 204, 206, 208, 209, 211, 212, 213, 215, 217, 218, 219, 221, 222, 223, 224, 225, 228, 229, 231, 232, 234, 235, 237, 238, 239, 241, 242, 243, 250, 251, 257, 258, 259, 262, 263, 265, 266, 268, 269, 270, 272, 278, 279, 280, 281, 283, 284, 285, 288, 289, 291, 292, 293, 296, 297, 299, 300, 301, 302, 305, 306, 308, 311, 312, 313, 314, 315, 316, 319, 324, 325, 326, 327, 328, 329, 330, 331, 332, 333, 334, 336, 339, 340, 343, 344, 346, 347, 349, 350, 351, 352, 354, 355, 356, 357, 359, 361, 379, 380, 383, 384, 386, 387, 388, 390, 391, 393, 394, 395, 398, 400, 407, 408, 411, 412, 414, 416, 419, 422, 440, 441, 443, 445, 448, 449, 450, 451, 452, 453, 454, 456, 466, 468, 471, 472, 474, 476, 483, 485, 488, 489, 491, 494, 495, 497, 498, 501, 502, 503, 504, 507, 513, 514, 515, 516, 519, 520, 523, 528, 535, 536, 538, 540, 541, 542, 544, 547, 548, 550, 552, 553, 555, 563, 564, 565, 567, 570, 571, 573, 575, 576, 577, 579, 580, 582, 585, 586], "excluded_lines": [], "start_line": 1}}}, "src/workers/analyzer_worker.py": {"executed_lines": [2, 3, 6, 8, 9, 10, 12, 13, 16, 52], "summary": {"covered_lines": 10, "num_statements": 32, "percent_covered": 31.25, "percent_covered_display": "31", "missing_lines": 22, "excluded_lines": 0, "percent_statements_covered": 31.25, "percent_statements_covered_display": "31"}, "missing_lines": [28, 30, 31, 33, 34, 35, 36, 38, 39, 40, 41, 42, 43, 44, 45, 46, 47, 49, 54, 55, 56, 57], "excluded_lines": [], "functions": {"analyze_game_task": {"executed_lines": [], "summary": {"covered_lines": 0, "num_statements": 18, "percent_covered": 0.0, "percent_covered_display": "0", "missing_lines": 18, "excluded_lines": 0, "percent_statements_covered": 0.0, "percent_statements_covered_display": "0"}, "missing_lines": [28, 30, 31, 33, 34, 35, 36, 38, 39, 40, 41, 42, 43, 44, 45, 46, 47, 49], "excluded_lines": [], "start_line": 16}, "": {"executed_lines": [2, 3, 6, 8, 9, 10, 12, 13, 16, 52], "summary": {"covered_lines": 10, "num_statements": 14, "percent_covered": 71.42857142857143, "percent_covered_display": "71", "missing_lines": 4, "excluded_lines": 0, "percent_statements_covered": 71.42857142857143, "percent_statements_covered_display": "71"}, "missing_lines": [54, 55, 56, 57], "excluded_lines": [], "start_line": 1}}, "classes": {"": {"executed_lines": [2, 3, 6, 8, 9, 10, 12, 13, 16, 52], "summary": {"covered_lines": 10, "num_statements": 32, "percent_covered": 31.25, "percent_covered_display": "31", "missing_lines": 22, "excluded_lines": 0, "percent_statements_covered": 31.25, "percent_statements_covered_display": "31"}, "missing_lines": [28, 30, 31, 33, 34, 35, 36, 38, 39, 40, 41, 42, 43, 44, 45, 46, 47, 49, 54, 55, 56, 57], "excluded_lines": [], "start_line": 1}}}}, "totals": {"covered_lines": 562, "num_statements": 1410, "percent_covered": 39.858156028368796, "percent_covered_display": "40", "missing_lines": 848, "excluded_lines": 0, "percent_statements_covered": 39.858156028368796, "percent_statements_covered_display": "40"}}
